\BOOKMARK [-1][-]{part.1}{\376\377\000I\000\040\000I\000n\000t\000r\000o\000d\000u\000c\000t\000i\000o\000n}{}% 1
\BOOKMARK [-1][-]{part.2}{\376\377\000I\000I\000\040\000T\000h\000e\000\040\000R\000e\000c\000i\000p\000e\000s}{}% 2
\BOOKMARK [0][-]{chapter.1}{\376\377\000M\000e\000a\000t}{part.2}% 3
\BOOKMARK [1][-]{section.1.1}{\376\377\000B\000o\000r\000s\000c\000h\000t}{chapter.1}% 4
\BOOKMARK [1][-]{section.1.2}{\376\377\000R\000o\000a\000s\000t\000\040\000O\000r\000c}{chapter.1}% 5
\BOOKMARK [0][-]{chapter.2}{\376\377\000C\000h\000i\000c\000k\000e\000n}{part.2}% 6
\BOOKMARK [1][-]{section.2.1}{\376\377\000C\000h\000i\000c\000k\000e\000n\000\040\000K\000i\000e\000v}{chapter.2}% 7
\BOOKMARK [1][-]{section.2.2}{\376\377\000C\000h\000i\000c\000k\000e\000n\000\040\000P\000l\000o\000v}{chapter.2}% 8
\BOOKMARK [0][-]{chapter.3}{\376\377\000F\000i\000s\000h}{part.2}% 9
\BOOKMARK [0][-]{chapter.4}{\376\377\000V\000e\000g\000e\000t\000a\000b\000l\000e\000s}{part.2}% 10
\BOOKMARK [0][-]{chapter.5}{\376\377\000P\000a\000s\000t\000a}{part.2}% 11
\BOOKMARK [1][-]{section.5.1}{\376\377\000S\000p\000a\000g\000h\000e\000t\000t\000i\000\040\000C\000a\000r\000b\000o\000n\000a\000r\000a}{chapter.5}% 12
\BOOKMARK [0][-]{chapter.6}{\376\377\000D\000e\000s\000s\000e\000r\000t\000s}{part.2}% 13
\BOOKMARK [1][-]{section.6.1}{\376\377\000R\000a\000s\000p\000b\000e\000r\000r\000y\000\040\000C\000o\000b\000b\000l\000e\000r}{chapter.6}% 14
\BOOKMARK [1][-]{section.6.2}{\376\377\000M\000e\000r\000i\000n\000g\000u\000e\000s}{chapter.6}% 15
\BOOKMARK [0][-]{chapter.7}{\376\377\000C\000a\000k\000e\000s}{part.2}% 16
\BOOKMARK [1][-]{section.7.1}{\376\377\000Y\000a\000b\000l\000u\000c\000h\000n\000y\000k\000\040\000-\000\040\000A\000p\000p\000l\000e\000\040\000C\000a\000k\000e}{chapter.7}% 17
\BOOKMARK [1][-]{section.7.2}{\376\377\000M\000e\000d\000o\000v\000i\000v\000\040\000-\000\040\000H\000o\000n\000e\000y\000\040\000C\000a\000k\000e\000\040\000B\000a\000s\000e}{chapter.7}% 18
\BOOKMARK [1][-]{section.7.3}{\376\377\000M\000e\000d\000o\000v\000i\000v\000\040\000-\000\040\000H\000o\000n\000e\000y\000\040\000C\000a\000k\000e}{chapter.7}% 19
\BOOKMARK [1][-]{section.7.4}{\376\377\000B\000a\000n\000a\000n\000a\000\040\000C\000a\000k\000e}{chapter.7}% 20
\BOOKMARK [0][-]{chapter.8}{\376\377\000B\000i\000s\000c\000u\000i\000t\000s}{part.2}% 21
\BOOKMARK [1][-]{section.8.1}{\376\377\000A\000N\000Z\000A\000C\000\040\000B\000i\000s\000c\000u\000i\000t\000s}{chapter.8}% 22
\BOOKMARK [0][-]{chapter.9}{\376\377\000S\000n\000a\000c\000k\000s}{part.2}% 23
\BOOKMARK [1][-]{section.9.1}{\376\377\000P\000a\000m\000p\000u\000s\000h\000k\000y\000\040\000-\000\040\000D\000o\000u\000g\000h\000n\000u\000t\000s}{chapter.9}% 24
\BOOKMARK [1][-]{section.9.2}{\376\377\000V\000i\000c\000t\000o\000r\000y\000\040\000S\000c\000o\000n\000e\000s}{chapter.9}% 25
\BOOKMARK [1][-]{section.9.3}{\376\377\000S\000m\000o\000r\000e\000s}{chapter.9}% 26
\BOOKMARK [0][-]{chapter.10}{\376\377\000Q\000u\000i\000c\000k\000\040\000a\000n\000d\000\040\000E\000a\000s\000y}{part.2}% 27
\BOOKMARK [1][-]{section.10.1}{\376\377\000H\000o\000t\000d\000o\000g\000s}{chapter.10}% 28
\BOOKMARK [0][-]{chapter.11}{\376\377\000B\000r\000e\000a\000d\000s}{part.2}% 29
\BOOKMARK [1][-]{section.11.1}{\376\377\000P\000a\000l\000i\000a\000n\000y\000t\000s\000i\000a}{chapter.11}% 30
\BOOKMARK [0][-]{chapter.12}{\376\377\000O\000t\000h\000e\000r}{part.2}% 31
\BOOKMARK [-1][-]{part.3}{\376\377\000I\000I\000I\000\040\000A\000b\000o\000u\000t\000\040\000U\000k\000r\000a\000i\000n\000e}{}% 32
\BOOKMARK [0][-]{chapter.13}{\376\377\000U\000k\000r\000a\000i\000n\000i\000a\000n\000\040\000C\000u\000l\000t\000u\000r\000e}{part.3}% 33
\BOOKMARK [1][-]{section.13.1}{\376\377\000I\000n\000d\000e\000p\000e\000n\000d\000e\000n\000c\000e\000\040\000D\000a\000y\000\040\000o\000f\000\040\000U\000k\000r\000a\000i\000n\000e}{chapter.13}% 34
\BOOKMARK [1][-]{section.13.2}{\376\377\000T\000h\000e\000\040\000U\000k\000r\000a\000i\000n\000i\000a\000n\000\040\000F\000l\000a\000g}{chapter.13}% 35
\BOOKMARK [1][-]{section.13.3}{\376\377\000S\000t\000a\000t\000e\000\040\000A\000n\000t\000h\000e\000m\000\040\000o\000f\000\040\000U\000k\000r\000a\000i\000n\000e}{chapter.13}% 36
\BOOKMARK [-1][-]{part.4}{\376\377\000I\000V\000\040\000T\000h\000e\000\040\000L\000e\000a\000f\000\040\000S\000p\000r\000i\000n\000g\000\040\000A\000r\000m\000y\000\040\000C\000o\000m\000m\000u\000n\000i\000t\000y}{}% 37
\BOOKMARK [0][-]{chapter.14}{\376\377\000T\000h\000e\000\040\000E\000n\000f\000o\000r\000c\000e\000r\000\040\000Y\000o\000u\000t\000u\000b\000e\000\040\000C\000h\000a\000n\000n\000e\000l}{part.4}% 38
\BOOKMARK [0][-]{chapter.15}{\376\377\000T\000h\000e\000\040\000L\000e\000a\000f\000\040\000S\000p\000r\000i\000n\000g\000\040\000A\000r\000m\000y}{part.4}% 39
\BOOKMARK [1][-]{section.15.1}{\376\377\000D\000e\000f\000i\000n\000i\000t\000i\000o\000n\000s}{chapter.15}% 40
\BOOKMARK [1][-]{section.15.2}{\376\377\000M\000o\000r\000s\000e\000\040\000C\000o\000d\000e}{chapter.15}% 41
\BOOKMARK [1][-]{section.15.3}{\376\377\000B\000i\000n\000g\000o}{chapter.15}% 42
\BOOKMARK [1][-]{section.15.4}{\376\377\000M\000i\000l\000i\000t\000a\000r\000y\000\040\000U\000n\000i\000t\000s\000\040\000a\000n\000d\000\040\000F\000o\000r\000m\000a\000t\000i\000o\000n\000s}{chapter.15}% 43
\BOOKMARK [1][-]{section.15.5}{\376\377\000T\000i\000m\000e\000l\000i\000n\000e}{chapter.15}% 44
\BOOKMARK [1][-]{section.15.6}{\376\377\000L\000S\000A\000\040\000A\000n\000t\000h\000e\000m\000:\000\040\000`\000`\000T\000h\000e\000\040\000W\000h\000i\000t\000e\000\040\000a\000n\000d\000\040\000G\000o\000l\000d\000'\000'}{chapter.15}% 45
\BOOKMARK [1][-]{section.15.7}{\376\377\000S\000u\000p\000p\000o\000r\000t\000e\000d\000\040\000F\000u\000n\000d\000s\000\040\000a\000n\000d\000\040\000C\000h\000a\000r\000i\000t\000i\000e\000s}{chapter.15}% 46
\BOOKMARK [0][-]{chapter.16}{\376\377\000C\000o\000n\000t\000r\000i\000b\000u\000t\000o\000r\000s}{part.4}% 47
